[12:47:21:820] [INFO] - org.springframework.boot.StartupInfoLogger.logStarting(StartupInfoLogger.java:55) - Starting MallApplication on LAPTOP-PMOGTTL8 with PID 13224 (started by hao in D:\StudyNote\项目\imooc-mall)
[12:47:21:824] [INFO] - org.springframework.boot.SpringApplication.logStartupProfileInfo(SpringApplication.java:651) - No active profile set, falling back to default profiles: default
[12:47:22:923] [INFO] - org.springframework.context.support.PostProcessorRegistrationDelegate$BeanPostProcessorChecker.postProcessAfterInitialization(PostProcessorRegistrationDelegate.java:330) - Bean 'org.springframework.transaction.annotation.ProxyTransactionManagementConfiguration' of type [org.springframework.transaction.annotation.ProxyTransactionManagementConfiguration] is not eligible for getting processed by all BeanPostProcessors (for example: not eligible for auto-proxying)
[12:47:23:224] [INFO] - org.springframework.boot.web.embedded.tomcat.TomcatWebServer.initialize(TomcatWebServer.java:92) - Tomcat initialized with port(s): 8083 (http)
[12:47:23:231] [INFO] - org.apache.juli.logging.DirectJDKLog.log(DirectJDKLog.java:173) - Initializing ProtocolHandler ["http-nio-8083"]
[12:47:23:232] [INFO] - org.apache.juli.logging.DirectJDKLog.log(DirectJDKLog.java:173) - Starting service [Tomcat]
[12:47:23:232] [INFO] - org.apache.juli.logging.DirectJDKLog.log(DirectJDKLog.java:173) - Starting Servlet engine: [Apache Tomcat/9.0.27]
[12:47:23:300] [INFO] - org.apache.juli.logging.DirectJDKLog.log(DirectJDKLog.java:173) - Initializing Spring embedded WebApplicationContext
[12:47:23:300] [INFO] - org.springframework.boot.web.servlet.context.ServletWebServerApplicationContext.prepareWebApplicationContext(ServletWebServerApplicationContext.java:284) - Root WebApplicationContext: initialization completed in 1412 ms
[12:47:24:046] [INFO] - springfox.documentation.spring.web.PropertySourcedRequestMappingHandlerMapping.initHandlerMethods(PropertySourcedRequestMappingHandlerMapping.java:69) - Mapped URL path [/v2/api-docs] onto method [springfox.documentation.swagger2.web.Swagger2Controller#getDocumentation(String, HttpServletRequest)]
[12:47:24:153] [INFO] - org.springframework.scheduling.concurrent.ExecutorConfigurationSupport.initialize(ExecutorConfigurationSupport.java:171) - Initializing ExecutorService 'applicationTaskExecutor'
[12:47:24:343] [INFO] - springfox.documentation.spring.web.plugins.DocumentationPluginsBootstrapper.start(DocumentationPluginsBootstrapper.java:160) - Context refreshed
[12:47:24:356] [INFO] - springfox.documentation.spring.web.plugins.DocumentationPluginsBootstrapper.start(DocumentationPluginsBootstrapper.java:163) - Found 1 custom documentation plugin(s)
[12:47:24:380] [INFO] - springfox.documentation.spring.web.scanners.ApiListingReferenceScanner.scan(ApiListingReferenceScanner.java:41) - Scanning for api listing references
[12:47:24:650] [INFO] - org.apache.juli.logging.DirectJDKLog.log(DirectJDKLog.java:173) - Starting ProtocolHandler ["http-nio-8083"]
[12:47:24:665] [INFO] - org.springframework.boot.web.embedded.tomcat.TomcatWebServer.start(TomcatWebServer.java:204) - Tomcat started on port(s): 8083 (http) with context path ''
[12:47:24:667] [INFO] - org.springframework.boot.StartupInfoLogger.logStarted(StartupInfoLogger.java:61) - Started MallApplication in 3.178 seconds (JVM running for 4.562)
[12:48:27:515] [INFO] - org.apache.juli.logging.DirectJDKLog.log(DirectJDKLog.java:173) - Initializing Spring DispatcherServlet 'dispatcherServlet'
[12:48:27:515] [INFO] - org.springframework.web.servlet.FrameworkServlet.initServletBean(FrameworkServlet.java:525) - Initializing Servlet 'dispatcherServlet'
[12:48:27:521] [INFO] - org.springframework.web.servlet.FrameworkServlet.initServletBean(FrameworkServlet.java:547) - Completed initialization in 6 ms
[12:48:31:350] [INFO] - com.imooc.mall.filter.WebLogAspect.doBefore(WebLogAspect.java:36) - URL : http://127.0.0.1:8083/login
[12:48:31:350] [INFO] - com.imooc.mall.filter.WebLogAspect.doBefore(WebLogAspect.java:37) - HTTP_METHOD :POST
[12:48:31:351] [INFO] - com.imooc.mall.filter.WebLogAspect.doBefore(WebLogAspect.java:38) - IP : 127.0.0.1
[12:48:31:352] [INFO] - com.imooc.mall.filter.WebLogAspect.doBefore(WebLogAspect.java:39) - CLASS_METHOD : com.imooc.mall.controller.UserController.login
[12:48:31:352] [INFO] - com.imooc.mall.filter.WebLogAspect.doBefore(WebLogAspect.java:41) - ARGS : [hao3, 12345678, org.apache.catalina.session.StandardSessionFacade@23085f8c]
[12:48:31:379] [INFO] - com.zaxxer.hikari.HikariDataSource.getConnection(HikariDataSource.java:110) - imooc_mall_datasource - Starting...
[12:48:31:475] [INFO] - com.zaxxer.hikari.HikariDataSource.getConnection(HikariDataSource.java:123) - imooc_mall_datasource - Start completed.
[12:48:31:530] [INFO] - com.imooc.mall.filter.WebLogAspect.doAfterReturning(WebLogAspect.java:47) - RESPONSE : {"status":10000,"msg":"SUCCESS","data":{"id":17,"username":"hao3","password":null,"personalizedSignature":"加油a","role":2,"createTime":1696658388000,"updateTime":1696658536000}}
[12:48:34:486] [INFO] - com.imooc.mall.filter.WebLogAspect.doBefore(WebLogAspect.java:36) - URL : http://127.0.0.1:8083/admin/category/delete
[12:48:34:486] [INFO] - com.imooc.mall.filter.WebLogAspect.doBefore(WebLogAspect.java:37) - HTTP_METHOD :POST
[12:48:34:486] [INFO] - com.imooc.mall.filter.WebLogAspect.doBefore(WebLogAspect.java:38) - IP : 127.0.0.1
[12:48:34:486] [INFO] - com.imooc.mall.filter.WebLogAspect.doBefore(WebLogAspect.java:39) - CLASS_METHOD : com.imooc.mall.controller.CategoryController.deleteCategory
[12:48:34:486] [INFO] - com.imooc.mall.filter.WebLogAspect.doBefore(WebLogAspect.java:41) - ARGS : [31]
[12:48:34:502] [INFO] - com.imooc.mall.filter.WebLogAspect.doAfterReturning(WebLogAspect.java:47) - RESPONSE : {"status":10000,"msg":"SUCCESS","data":null}
[12:48:56:267] [INFO] - com.imooc.mall.filter.WebLogAspect.doBefore(WebLogAspect.java:36) - URL : http://127.0.0.1:8083/admin/category/delete
[12:48:56:267] [INFO] - com.imooc.mall.filter.WebLogAspect.doBefore(WebLogAspect.java:37) - HTTP_METHOD :POST
[12:48:56:267] [INFO] - com.imooc.mall.filter.WebLogAspect.doBefore(WebLogAspect.java:38) - IP : 127.0.0.1
[12:48:56:267] [INFO] - com.imooc.mall.filter.WebLogAspect.doBefore(WebLogAspect.java:39) - CLASS_METHOD : com.imooc.mall.controller.CategoryController.deleteCategory
[12:48:56:267] [INFO] - com.imooc.mall.filter.WebLogAspect.doBefore(WebLogAspect.java:41) - ARGS : [31]
[13:09:20:611] [INFO] - org.springframework.boot.StartupInfoLogger.logStarting(StartupInfoLogger.java:55) - Starting MallApplication on LAPTOP-PMOGTTL8 with PID 16840 (started by hao in D:\StudyNote\项目\imooc-mall)
[13:09:20:614] [INFO] - org.springframework.boot.SpringApplication.logStartupProfileInfo(SpringApplication.java:651) - No active profile set, falling back to default profiles: default
[13:09:21:588] [INFO] - org.springframework.context.support.PostProcessorRegistrationDelegate$BeanPostProcessorChecker.postProcessAfterInitialization(PostProcessorRegistrationDelegate.java:330) - Bean 'org.springframework.transaction.annotation.ProxyTransactionManagementConfiguration' of type [org.springframework.transaction.annotation.ProxyTransactionManagementConfiguration] is not eligible for getting processed by all BeanPostProcessors (for example: not eligible for auto-proxying)
[13:09:21:834] [INFO] - org.springframework.boot.web.embedded.tomcat.TomcatWebServer.initialize(TomcatWebServer.java:92) - Tomcat initialized with port(s): 8083 (http)
[13:09:21:841] [INFO] - org.apache.juli.logging.DirectJDKLog.log(DirectJDKLog.java:173) - Initializing ProtocolHandler ["http-nio-8083"]
[13:09:21:842] [INFO] - org.apache.juli.logging.DirectJDKLog.log(DirectJDKLog.java:173) - Starting service [Tomcat]
[13:09:21:842] [INFO] - org.apache.juli.logging.DirectJDKLog.log(DirectJDKLog.java:173) - Starting Servlet engine: [Apache Tomcat/9.0.27]
[13:09:21:906] [INFO] - org.apache.juli.logging.DirectJDKLog.log(DirectJDKLog.java:173) - Initializing Spring embedded WebApplicationContext
[13:09:21:906] [INFO] - org.springframework.boot.web.servlet.context.ServletWebServerApplicationContext.prepareWebApplicationContext(ServletWebServerApplicationContext.java:284) - Root WebApplicationContext: initialization completed in 1230 ms
[13:09:22:604] [INFO] - springfox.documentation.spring.web.PropertySourcedRequestMappingHandlerMapping.initHandlerMethods(PropertySourcedRequestMappingHandlerMapping.java:69) - Mapped URL path [/v2/api-docs] onto method [springfox.documentation.swagger2.web.Swagger2Controller#getDocumentation(String, HttpServletRequest)]
[13:09:22:715] [INFO] - org.springframework.scheduling.concurrent.ExecutorConfigurationSupport.initialize(ExecutorConfigurationSupport.java:171) - Initializing ExecutorService 'applicationTaskExecutor'
[13:09:22:928] [INFO] - springfox.documentation.spring.web.plugins.DocumentationPluginsBootstrapper.start(DocumentationPluginsBootstrapper.java:160) - Context refreshed
[13:09:22:941] [INFO] - springfox.documentation.spring.web.plugins.DocumentationPluginsBootstrapper.start(DocumentationPluginsBootstrapper.java:163) - Found 1 custom documentation plugin(s)
[13:09:22:963] [INFO] - springfox.documentation.spring.web.scanners.ApiListingReferenceScanner.scan(ApiListingReferenceScanner.java:41) - Scanning for api listing references
[13:09:23:238] [INFO] - org.apache.juli.logging.DirectJDKLog.log(DirectJDKLog.java:173) - Starting ProtocolHandler ["http-nio-8083"]
[13:09:23:255] [INFO] - org.springframework.boot.web.embedded.tomcat.TomcatWebServer.start(TomcatWebServer.java:204) - Tomcat started on port(s): 8083 (http) with context path ''
[13:09:23:257] [INFO] - org.springframework.boot.StartupInfoLogger.logStarted(StartupInfoLogger.java:61) - Started MallApplication in 2.888 seconds (JVM running for 3.99)
[13:10:35:207] [INFO] - org.apache.juli.logging.DirectJDKLog.log(DirectJDKLog.java:173) - Initializing Spring DispatcherServlet 'dispatcherServlet'
[13:10:35:207] [INFO] - org.springframework.web.servlet.FrameworkServlet.initServletBean(FrameworkServlet.java:525) - Initializing Servlet 'dispatcherServlet'
[13:10:35:214] [INFO] - org.springframework.web.servlet.FrameworkServlet.initServletBean(FrameworkServlet.java:547) - Completed initialization in 7 ms
[13:10:39:179] [INFO] - com.imooc.mall.filter.WebLogAspect.doBefore(WebLogAspect.java:36) - URL : http://127.0.0.1:8083/login
[13:10:39:179] [INFO] - com.imooc.mall.filter.WebLogAspect.doBefore(WebLogAspect.java:37) - HTTP_METHOD :POST
[13:10:39:179] [INFO] - com.imooc.mall.filter.WebLogAspect.doBefore(WebLogAspect.java:38) - IP : 127.0.0.1
[13:10:39:180] [INFO] - com.imooc.mall.filter.WebLogAspect.doBefore(WebLogAspect.java:39) - CLASS_METHOD : com.imooc.mall.controller.UserController.login
[13:10:39:181] [INFO] - com.imooc.mall.filter.WebLogAspect.doBefore(WebLogAspect.java:41) - ARGS : [hao3, 12345678, org.apache.catalina.session.StandardSessionFacade@1484cbcb]
[13:10:39:210] [INFO] - com.zaxxer.hikari.HikariDataSource.getConnection(HikariDataSource.java:110) - imooc_mall_datasource - Starting...
[13:10:39:295] [INFO] - com.zaxxer.hikari.HikariDataSource.getConnection(HikariDataSource.java:123) - imooc_mall_datasource - Start completed.
[13:10:39:350] [INFO] - com.imooc.mall.filter.WebLogAspect.doAfterReturning(WebLogAspect.java:47) - RESPONSE : {"status":10000,"msg":"SUCCESS","data":{"id":17,"username":"hao3","password":null,"personalizedSignature":"加油a","role":2,"createTime":1696658388000,"updateTime":1696658536000}}
[13:10:41:680] [INFO] - com.imooc.mall.filter.WebLogAspect.doBefore(WebLogAspect.java:36) - URL : http://127.0.0.1:8083/admin/category/list
[13:10:41:680] [INFO] - com.imooc.mall.filter.WebLogAspect.doBefore(WebLogAspect.java:37) - HTTP_METHOD :POST
[13:10:41:681] [INFO] - com.imooc.mall.filter.WebLogAspect.doBefore(WebLogAspect.java:38) - IP : 127.0.0.1
[13:10:41:681] [INFO] - com.imooc.mall.filter.WebLogAspect.doBefore(WebLogAspect.java:39) - CLASS_METHOD : com.imooc.mall.controller.CategoryController.listCategoryForAdmin
[13:10:41:681] [INFO] - com.imooc.mall.filter.WebLogAspect.doBefore(WebLogAspect.java:41) - ARGS : [1, 10]
[13:10:41:736] [INFO] - com.imooc.mall.filter.WebLogAspect.doAfterReturning(WebLogAspect.java:47) - RESPONSE : {"status":10000,"msg":"SUCCESS","data":{"total":20,"list":[{"id":3,"name":"新鲜水果","type":1,"parentId":0,"orderNum":1,"createTime":1576603020000,"updateTime":1577524286000},{"id":5,"name":"海鲜水产","type":1,"parentId":0,"orderNum":2,"createTime":1576603020000,"updateTime":1577521520000},{"id":6,"name":"精选肉类","type":1,"parentId":0,"orderNum":3,"createTime":1576603020000,"updateTime":1577521521000},{"id":9,"name":"冷饮冻食","type":1,"parentId":0,"orderNum":4,"createTime":1576820728000,"updateTime":1577521522000},{"id":10,"name":"蔬菜蛋品","type":1,"parentId":0,"orderNum":5,"createTime":1576820728000,"updateTime":1577521523000},{"id":27,"name":"美味菌菇","type":1,"parentId":0,"orderNum":7,"createTime":1576820728000,"updateTime":1581348036000},{"id":4,"name":"橘子橙子","type":2,"parentId":3,"orderNum":1,"createTime":1576603020000,"updateTime":1577521510000},{"id":7,"name":"螃蟹","type":2,"parentId":5,"orderNum":1,"createTime":1576603020000,"updateTime":1577521515000},{"id":17,"name":"冰淇淋","type":2,"parentId":9,"orderNum":1,"createTime":1576603020000,"updateTime":1577521518000},{"id":16,"name":"牛羊肉","type":2,"parentId":6,"orderNum":1,"createTime":1576603020000,"updateTime":1577521518000}],"pageNum":1,"pageSize":10,"size":10,"startRow":1,"endRow":10,"pages":2,"prePage":0,"nextPage":2,"isFirstPage":true,"isLastPage":false,"hasPreviousPage":false,"hasNextPage":true,"navigatePages":8,"navigatepageNums":[1,2],"navigateFirstPage":1,"navigateLastPage":2}}
[13:20:12:314] [INFO] - org.springframework.boot.StartupInfoLogger.logStarting(StartupInfoLogger.java:55) - Starting MallApplication on LAPTOP-PMOGTTL8 with PID 10852 (started by hao in D:\StudyNote\项目\imooc-mall)
[13:20:12:317] [INFO] - org.springframework.boot.SpringApplication.logStartupProfileInfo(SpringApplication.java:651) - No active profile set, falling back to default profiles: default
[13:20:13:176] [INFO] - org.springframework.context.support.PostProcessorRegistrationDelegate$BeanPostProcessorChecker.postProcessAfterInitialization(PostProcessorRegistrationDelegate.java:330) - Bean 'org.springframework.transaction.annotation.ProxyTransactionManagementConfiguration' of type [org.springframework.transaction.annotation.ProxyTransactionManagementConfiguration] is not eligible for getting processed by all BeanPostProcessors (for example: not eligible for auto-proxying)
[13:20:13:448] [INFO] - org.springframework.boot.web.embedded.tomcat.TomcatWebServer.initialize(TomcatWebServer.java:92) - Tomcat initialized with port(s): 8083 (http)
[13:20:13:455] [INFO] - org.apache.juli.logging.DirectJDKLog.log(DirectJDKLog.java:173) - Initializing ProtocolHandler ["http-nio-8083"]
[13:20:13:455] [INFO] - org.apache.juli.logging.DirectJDKLog.log(DirectJDKLog.java:173) - Starting service [Tomcat]
[13:20:13:455] [INFO] - org.apache.juli.logging.DirectJDKLog.log(DirectJDKLog.java:173) - Starting Servlet engine: [Apache Tomcat/9.0.27]
[13:20:13:521] [INFO] - org.apache.juli.logging.DirectJDKLog.log(DirectJDKLog.java:173) - Initializing Spring embedded WebApplicationContext
[13:20:13:521] [INFO] - org.springframework.boot.web.servlet.context.ServletWebServerApplicationContext.prepareWebApplicationContext(ServletWebServerApplicationContext.java:284) - Root WebApplicationContext: initialization completed in 1142 ms
[13:20:14:185] [INFO] - springfox.documentation.spring.web.PropertySourcedRequestMappingHandlerMapping.initHandlerMethods(PropertySourcedRequestMappingHandlerMapping.java:69) - Mapped URL path [/v2/api-docs] onto method [springfox.documentation.swagger2.web.Swagger2Controller#getDocumentation(String, HttpServletRequest)]
[13:20:14:296] [INFO] - org.springframework.scheduling.concurrent.ExecutorConfigurationSupport.initialize(ExecutorConfigurationSupport.java:171) - Initializing ExecutorService 'applicationTaskExecutor'
[13:20:14:510] [INFO] - springfox.documentation.spring.web.plugins.DocumentationPluginsBootstrapper.start(DocumentationPluginsBootstrapper.java:160) - Context refreshed
[13:20:14:521] [INFO] - springfox.documentation.spring.web.plugins.DocumentationPluginsBootstrapper.start(DocumentationPluginsBootstrapper.java:163) - Found 1 custom documentation plugin(s)
[13:20:14:543] [INFO] - springfox.documentation.spring.web.scanners.ApiListingReferenceScanner.scan(ApiListingReferenceScanner.java:41) - Scanning for api listing references
[13:20:14:811] [INFO] - org.apache.juli.logging.DirectJDKLog.log(DirectJDKLog.java:173) - Starting ProtocolHandler ["http-nio-8083"]
[13:20:14:826] [INFO] - org.springframework.boot.web.embedded.tomcat.TomcatWebServer.start(TomcatWebServer.java:204) - Tomcat started on port(s): 8083 (http) with context path ''
[13:20:14:828] [INFO] - org.springframework.boot.StartupInfoLogger.logStarted(StartupInfoLogger.java:61) - Started MallApplication in 2.755 seconds (JVM running for 3.779)
[13:20:44:363] [INFO] - org.apache.juli.logging.DirectJDKLog.log(DirectJDKLog.java:173) - Initializing Spring DispatcherServlet 'dispatcherServlet'
[13:20:44:363] [INFO] - org.springframework.web.servlet.FrameworkServlet.initServletBean(FrameworkServlet.java:525) - Initializing Servlet 'dispatcherServlet'
[13:20:44:370] [INFO] - org.springframework.web.servlet.FrameworkServlet.initServletBean(FrameworkServlet.java:547) - Completed initialization in 7 ms
[13:20:44:385] [INFO] - com.imooc.mall.filter.WebLogAspect.doBefore(WebLogAspect.java:36) - URL : http://127.0.0.1:8083/category/list
[13:20:44:386] [INFO] - com.imooc.mall.filter.WebLogAspect.doBefore(WebLogAspect.java:37) - HTTP_METHOD :POST
[13:20:44:386] [INFO] - com.imooc.mall.filter.WebLogAspect.doBefore(WebLogAspect.java:38) - IP : 127.0.0.1
[13:20:44:387] [INFO] - com.imooc.mall.filter.WebLogAspect.doBefore(WebLogAspect.java:39) - CLASS_METHOD : com.imooc.mall.controller.CategoryController.listCategoryForCustomer
[13:20:44:387] [INFO] - com.imooc.mall.filter.WebLogAspect.doBefore(WebLogAspect.java:41) - ARGS : []
[13:20:44:411] [INFO] - com.zaxxer.hikari.HikariDataSource.getConnection(HikariDataSource.java:110) - imooc_mall_datasource - Starting...
[13:20:44:500] [INFO] - com.zaxxer.hikari.HikariDataSource.getConnection(HikariDataSource.java:123) - imooc_mall_datasource - Start completed.
[13:20:44:624] [INFO] - com.imooc.mall.filter.WebLogAspect.doAfterReturning(WebLogAspect.java:47) - RESPONSE : {"status":10000,"msg":"SUCCESS","data":[{"id":3,"name":"新鲜水果","type":1,"parentId":0,"orderNum":1,"createTime":1576603020000,"updateTime":1577524286000,"childCategory":[{"id":4,"name":"橘子橙子","type":2,"parentId":3,"orderNum":1,"createTime":1576603020000,"updateTime":1577521510000,"childCategory":[{"id":19,"name":"果冻橙","type":3,"parentId":4,"orderNum":1,"createTime":1576603020000,"updateTime":1581352622000,"childCategory":[]}]},{"id":11,"name":"草莓","type":2,"parentId":3,"orderNum":2,"createTime":1576603020000,"updateTime":1577519082000,"childCategory":[]},{"id":12,"name":"奇异果","type":2,"parentId":3,"orderNum":3,"createTime":1576603020000,"updateTime":1577521512000,"childCategory":[]},{"id":14,"name":"车厘子","type":2,"parentId":3,"orderNum":4,"createTime":1576603020000,"updateTime":1577521512000,"childCategory":[]},{"id":28,"name":"其他水果","type":2,"parentId":3,"orderNum":4,"createTime":1576603020000,"updateTime":1577521512000,"childCategory":[]}]},{"id":5,"name":"海鲜水产","type":1,"parentId":0,"orderNum":2,"createTime":1576603020000,"updateTime":1577521520000,"childCategory":[{"id":7,"name":"螃蟹","type":2,"parentId":5,"orderNum":1,"createTime":1576603020000,"updateTime":1577521515000,"childCategory":[]},{"id":8,"name":"鱼类","type":2,"parentId":5,"orderNum":2,"createTime":1576603020000,"updateTime":1577521516000,"childCategory":[]},{"id":13,"name":"海参","type":2,"parentId":5,"orderNum":3,"createTime":1576603020000,"updateTime":1577521517000,"childCategory":[]}]},{"id":6,"name":"精选肉类","type":1,"parentId":0,"orderNum":3,"createTime":1576603020000,"updateTime":1577521521000,"childCategory":[{"id":16,"name":"牛羊肉","type":2,"parentId":6,"orderNum":1,"createTime":1576603020000,"updateTime":1577521518000,"childCategory":[]},{"id":30,"name":"鸭货","type":3,"parentId":6,"orderNum":10,"createTime":1583246753000,"updateTime":1583246753000,"childCategory":[]}]},{"id":9,"name":"冷饮冻食","type":1,"parentId":0,"orderNum":4,"createTime":1576820728000,"updateTime":1577521522000,"childCategory":[{"id":17,"name":"冰淇淋","type":2,"parentId":9,"orderNum":1,"createTime":1576603020000,"updateTime":1577521518000,"childCategory":[]}]},{"id":10,"name":"蔬菜蛋品","type":1,"parentId":0,"orderNum":5,"createTime":1576820728000,"updateTime":1577521523000,"childCategory":[{"id":18,"name":"蔬菜综合","type":2,"parentId":10,"orderNum":1,"createTime":1576603020000,"updateTime":1581353307000,"childCategory":[]}]},{"id":27,"name":"美味菌菇","type":1,"parentId":0,"orderNum":7,"createTime":1576820728000,"updateTime":1581348036000,"childCategory":[{"id":15,"name":"火锅食材","type":2,"parentId":27,"orderNum":5,"createTime":1576603020000,"updateTime":1581352953000,"childCategory":[]}]}]}
[13:41:20:906] [INFO] - org.springframework.boot.StartupInfoLogger.logStarting(StartupInfoLogger.java:55) - Starting MallApplication on LAPTOP-PMOGTTL8 with PID 21460 (started by hao in D:\StudyNote\项目\imooc-mall)
[13:41:20:908] [INFO] - org.springframework.boot.SpringApplication.logStartupProfileInfo(SpringApplication.java:651) - No active profile set, falling back to default profiles: default
[13:41:21:806] [INFO] - org.springframework.data.repository.config.RepositoryConfigurationDelegate.multipleStoresDetected(RepositoryConfigurationDelegate.java:246) - Multiple Spring Data modules found, entering strict repository configuration mode!
[13:41:21:809] [INFO] - org.springframework.data.repository.config.RepositoryConfigurationDelegate.registerRepositoriesIn(RepositoryConfigurationDelegate.java:126) - Bootstrapping Spring Data repositories in DEFAULT mode.
[13:41:21:829] [INFO] - org.springframework.data.repository.config.RepositoryConfigurationDelegate.registerRepositoriesIn(RepositoryConfigurationDelegate.java:184) - Finished Spring Data repository scanning in 7ms. Found 0 repository interfaces.
[13:41:22:059] [INFO] - org.springframework.context.support.PostProcessorRegistrationDelegate$BeanPostProcessorChecker.postProcessAfterInitialization(PostProcessorRegistrationDelegate.java:330) - Bean 'org.springframework.transaction.annotation.ProxyTransactionManagementConfiguration' of type [org.springframework.transaction.annotation.ProxyTransactionManagementConfiguration] is not eligible for getting processed by all BeanPostProcessors (for example: not eligible for auto-proxying)
[13:41:22:393] [INFO] - org.springframework.boot.web.embedded.tomcat.TomcatWebServer.initialize(TomcatWebServer.java:92) - Tomcat initialized with port(s): 8083 (http)
[13:41:22:399] [INFO] - org.apache.juli.logging.DirectJDKLog.log(DirectJDKLog.java:173) - Initializing ProtocolHandler ["http-nio-8083"]
[13:41:22:400] [INFO] - org.apache.juli.logging.DirectJDKLog.log(DirectJDKLog.java:173) - Starting service [Tomcat]
[13:41:22:401] [INFO] - org.apache.juli.logging.DirectJDKLog.log(DirectJDKLog.java:173) - Starting Servlet engine: [Apache Tomcat/9.0.27]
[13:41:22:469] [INFO] - org.apache.juli.logging.DirectJDKLog.log(DirectJDKLog.java:173) - Initializing Spring embedded WebApplicationContext
[13:41:22:469] [INFO] - org.springframework.boot.web.servlet.context.ServletWebServerApplicationContext.prepareWebApplicationContext(ServletWebServerApplicationContext.java:284) - Root WebApplicationContext: initialization completed in 1496 ms
[13:41:23:354] [INFO] - springfox.documentation.spring.web.PropertySourcedRequestMappingHandlerMapping.initHandlerMethods(PropertySourcedRequestMappingHandlerMapping.java:69) - Mapped URL path [/v2/api-docs] onto method [springfox.documentation.swagger2.web.Swagger2Controller#getDocumentation(String, HttpServletRequest)]
[13:41:23:475] [INFO] - org.springframework.scheduling.concurrent.ExecutorConfigurationSupport.initialize(ExecutorConfigurationSupport.java:171) - Initializing ExecutorService 'applicationTaskExecutor'
[13:41:23:829] [INFO] - springfox.documentation.spring.web.plugins.DocumentationPluginsBootstrapper.start(DocumentationPluginsBootstrapper.java:160) - Context refreshed
[13:41:23:841] [INFO] - springfox.documentation.spring.web.plugins.DocumentationPluginsBootstrapper.start(DocumentationPluginsBootstrapper.java:163) - Found 1 custom documentation plugin(s)
[13:41:23:862] [INFO] - springfox.documentation.spring.web.scanners.ApiListingReferenceScanner.scan(ApiListingReferenceScanner.java:41) - Scanning for api listing references
[13:41:24:139] [INFO] - org.apache.juli.logging.DirectJDKLog.log(DirectJDKLog.java:173) - Starting ProtocolHandler ["http-nio-8083"]
[13:41:24:156] [INFO] - org.springframework.boot.web.embedded.tomcat.TomcatWebServer.start(TomcatWebServer.java:204) - Tomcat started on port(s): 8083 (http) with context path ''
[13:41:24:158] [INFO] - org.springframework.boot.StartupInfoLogger.logStarted(StartupInfoLogger.java:61) - Started MallApplication in 3.488 seconds (JVM running for 4.564)
[13:41:53:039] [INFO] - org.apache.juli.logging.DirectJDKLog.log(DirectJDKLog.java:173) - Initializing Spring DispatcherServlet 'dispatcherServlet'
[13:41:53:039] [INFO] - org.springframework.web.servlet.FrameworkServlet.initServletBean(FrameworkServlet.java:525) - Initializing Servlet 'dispatcherServlet'
[13:41:53:049] [INFO] - org.springframework.web.servlet.FrameworkServlet.initServletBean(FrameworkServlet.java:547) - Completed initialization in 10 ms
[13:41:53:066] [INFO] - com.imooc.mall.filter.WebLogAspect.doBefore(WebLogAspect.java:36) - URL : http://127.0.0.1:8083/category/list
[13:41:53:066] [INFO] - com.imooc.mall.filter.WebLogAspect.doBefore(WebLogAspect.java:37) - HTTP_METHOD :POST
[13:41:53:066] [INFO] - com.imooc.mall.filter.WebLogAspect.doBefore(WebLogAspect.java:38) - IP : 127.0.0.1
[13:41:53:067] [INFO] - com.imooc.mall.filter.WebLogAspect.doBefore(WebLogAspect.java:39) - CLASS_METHOD : com.imooc.mall.controller.CategoryController.listCategoryForCustomer
[13:41:53:067] [INFO] - com.imooc.mall.filter.WebLogAspect.doBefore(WebLogAspect.java:41) - ARGS : []
[13:41:53:150] [INFO] - io.lettuce.core.EpollProvider.<clinit>(EpollProvider.java:68) - Starting without optional epoll library
[13:41:53:152] [INFO] - io.lettuce.core.KqueueProvider.<clinit>(KqueueProvider.java:70) - Starting without optional kqueue library
[13:41:53:619] [INFO] - com.zaxxer.hikari.HikariDataSource.getConnection(HikariDataSource.java:110) - imooc_mall_datasource - Starting...
[13:41:53:707] [INFO] - com.zaxxer.hikari.HikariDataSource.getConnection(HikariDataSource.java:123) - imooc_mall_datasource - Start completed.
[13:43:51:166] [INFO] - org.springframework.boot.StartupInfoLogger.logStarting(StartupInfoLogger.java:55) - Starting MallApplication on LAPTOP-PMOGTTL8 with PID 10472 (started by hao in D:\StudyNote\项目\imooc-mall)
[13:43:51:169] [INFO] - org.springframework.boot.SpringApplication.logStartupProfileInfo(SpringApplication.java:651) - No active profile set, falling back to default profiles: default
[13:43:51:949] [INFO] - org.springframework.data.repository.config.RepositoryConfigurationDelegate.multipleStoresDetected(RepositoryConfigurationDelegate.java:246) - Multiple Spring Data modules found, entering strict repository configuration mode!
[13:43:51:952] [INFO] - org.springframework.data.repository.config.RepositoryConfigurationDelegate.registerRepositoriesIn(RepositoryConfigurationDelegate.java:126) - Bootstrapping Spring Data repositories in DEFAULT mode.
[13:43:51:973] [INFO] - org.springframework.data.repository.config.RepositoryConfigurationDelegate.registerRepositoriesIn(RepositoryConfigurationDelegate.java:184) - Finished Spring Data repository scanning in 7ms. Found 0 repository interfaces.
[13:43:52:201] [INFO] - org.springframework.context.support.PostProcessorRegistrationDelegate$BeanPostProcessorChecker.postProcessAfterInitialization(PostProcessorRegistrationDelegate.java:330) - Bean 'org.springframework.transaction.annotation.ProxyTransactionManagementConfiguration' of type [org.springframework.transaction.annotation.ProxyTransactionManagementConfiguration] is not eligible for getting processed by all BeanPostProcessors (for example: not eligible for auto-proxying)
[13:43:52:541] [INFO] - org.springframework.boot.web.embedded.tomcat.TomcatWebServer.initialize(TomcatWebServer.java:92) - Tomcat initialized with port(s): 8083 (http)
[13:43:52:548] [INFO] - org.apache.juli.logging.DirectJDKLog.log(DirectJDKLog.java:173) - Initializing ProtocolHandler ["http-nio-8083"]
[13:43:52:550] [INFO] - org.apache.juli.logging.DirectJDKLog.log(DirectJDKLog.java:173) - Starting service [Tomcat]
[13:43:52:551] [INFO] - org.apache.juli.logging.DirectJDKLog.log(DirectJDKLog.java:173) - Starting Servlet engine: [Apache Tomcat/9.0.27]
[13:43:52:619] [INFO] - org.apache.juli.logging.DirectJDKLog.log(DirectJDKLog.java:173) - Initializing Spring embedded WebApplicationContext
[13:43:52:620] [INFO] - org.springframework.boot.web.servlet.context.ServletWebServerApplicationContext.prepareWebApplicationContext(ServletWebServerApplicationContext.java:284) - Root WebApplicationContext: initialization completed in 1387 ms
[13:43:53:444] [INFO] - springfox.documentation.spring.web.PropertySourcedRequestMappingHandlerMapping.initHandlerMethods(PropertySourcedRequestMappingHandlerMapping.java:69) - Mapped URL path [/v2/api-docs] onto method [springfox.documentation.swagger2.web.Swagger2Controller#getDocumentation(String, HttpServletRequest)]
[13:43:53:577] [INFO] - org.springframework.scheduling.concurrent.ExecutorConfigurationSupport.initialize(ExecutorConfigurationSupport.java:171) - Initializing ExecutorService 'applicationTaskExecutor'
[13:43:53:941] [INFO] - springfox.documentation.spring.web.plugins.DocumentationPluginsBootstrapper.start(DocumentationPluginsBootstrapper.java:160) - Context refreshed
[13:43:53:951] [INFO] - springfox.documentation.spring.web.plugins.DocumentationPluginsBootstrapper.start(DocumentationPluginsBootstrapper.java:163) - Found 1 custom documentation plugin(s)
[13:43:53:974] [INFO] - springfox.documentation.spring.web.scanners.ApiListingReferenceScanner.scan(ApiListingReferenceScanner.java:41) - Scanning for api listing references
[13:43:54:237] [INFO] - org.apache.juli.logging.DirectJDKLog.log(DirectJDKLog.java:173) - Starting ProtocolHandler ["http-nio-8083"]
[13:43:54:253] [INFO] - org.springframework.boot.web.embedded.tomcat.TomcatWebServer.start(TomcatWebServer.java:204) - Tomcat started on port(s): 8083 (http) with context path ''
[13:43:54:255] [INFO] - org.springframework.boot.StartupInfoLogger.logStarted(StartupInfoLogger.java:61) - Started MallApplication in 3.358 seconds (JVM running for 4.509)
[13:44:31:356] [INFO] - org.apache.juli.logging.DirectJDKLog.log(DirectJDKLog.java:173) - Initializing Spring DispatcherServlet 'dispatcherServlet'
[13:44:31:356] [INFO] - org.springframework.web.servlet.FrameworkServlet.initServletBean(FrameworkServlet.java:525) - Initializing Servlet 'dispatcherServlet'
[13:44:31:364] [INFO] - org.springframework.web.servlet.FrameworkServlet.initServletBean(FrameworkServlet.java:547) - Completed initialization in 8 ms
[13:44:31:384] [INFO] - com.imooc.mall.filter.WebLogAspect.doBefore(WebLogAspect.java:36) - URL : http://127.0.0.1:8083/category/list
[13:44:31:384] [INFO] - com.imooc.mall.filter.WebLogAspect.doBefore(WebLogAspect.java:37) - HTTP_METHOD :POST
[13:44:31:384] [INFO] - com.imooc.mall.filter.WebLogAspect.doBefore(WebLogAspect.java:38) - IP : 127.0.0.1
[13:44:31:385] [INFO] - com.imooc.mall.filter.WebLogAspect.doBefore(WebLogAspect.java:39) - CLASS_METHOD : com.imooc.mall.controller.CategoryController.listCategoryForCustomer
[13:44:31:385] [INFO] - com.imooc.mall.filter.WebLogAspect.doBefore(WebLogAspect.java:41) - ARGS : []
[13:44:31:463] [INFO] - io.lettuce.core.EpollProvider.<clinit>(EpollProvider.java:68) - Starting without optional epoll library
[13:44:31:464] [INFO] - io.lettuce.core.KqueueProvider.<clinit>(KqueueProvider.java:70) - Starting without optional kqueue library
[13:44:31:939] [INFO] - com.zaxxer.hikari.HikariDataSource.getConnection(HikariDataSource.java:110) - imooc_mall_datasource - Starting...
[13:44:32:025] [INFO] - com.zaxxer.hikari.HikariDataSource.getConnection(HikariDataSource.java:123) - imooc_mall_datasource - Start completed.
[13:44:32:165] [INFO] - com.imooc.mall.filter.WebLogAspect.doAfterReturning(WebLogAspect.java:47) - RESPONSE : {"status":10000,"msg":"SUCCESS","data":[{"id":3,"name":"新鲜水果","type":1,"parentId":0,"orderNum":1,"createTime":1576603020000,"updateTime":1577524286000,"childCategory":[{"id":4,"name":"橘子橙子","type":2,"parentId":3,"orderNum":1,"createTime":1576603020000,"updateTime":1577521510000,"childCategory":[{"id":19,"name":"果冻橙","type":3,"parentId":4,"orderNum":1,"createTime":1576603020000,"updateTime":1581352622000,"childCategory":[]}]},{"id":11,"name":"草莓","type":2,"parentId":3,"orderNum":2,"createTime":1576603020000,"updateTime":1577519082000,"childCategory":[]},{"id":12,"name":"奇异果","type":2,"parentId":3,"orderNum":3,"createTime":1576603020000,"updateTime":1577521512000,"childCategory":[]},{"id":14,"name":"车厘子","type":2,"parentId":3,"orderNum":4,"createTime":1576603020000,"updateTime":1577521512000,"childCategory":[]},{"id":28,"name":"其他水果","type":2,"parentId":3,"orderNum":4,"createTime":1576603020000,"updateTime":1577521512000,"childCategory":[]}]},{"id":5,"name":"海鲜水产","type":1,"parentId":0,"orderNum":2,"createTime":1576603020000,"updateTime":1577521520000,"childCategory":[{"id":7,"name":"螃蟹","type":2,"parentId":5,"orderNum":1,"createTime":1576603020000,"updateTime":1577521515000,"childCategory":[]},{"id":8,"name":"鱼类","type":2,"parentId":5,"orderNum":2,"createTime":1576603020000,"updateTime":1577521516000,"childCategory":[]},{"id":13,"name":"海参","type":2,"parentId":5,"orderNum":3,"createTime":1576603020000,"updateTime":1577521517000,"childCategory":[]}]},{"id":6,"name":"精选肉类","type":1,"parentId":0,"orderNum":3,"createTime":1576603020000,"updateTime":1577521521000,"childCategory":[{"id":16,"name":"牛羊肉","type":2,"parentId":6,"orderNum":1,"createTime":1576603020000,"updateTime":1577521518000,"childCategory":[]},{"id":30,"name":"鸭货","type":3,"parentId":6,"orderNum":10,"createTime":1583246753000,"updateTime":1583246753000,"childCategory":[]}]},{"id":9,"name":"冷饮冻食","type":1,"parentId":0,"orderNum":4,"createTime":1576820728000,"updateTime":1577521522000,"childCategory":[{"id":17,"name":"冰淇淋","type":2,"parentId":9,"orderNum":1,"createTime":1576603020000,"updateTime":1577521518000,"childCategory":[]}]},{"id":10,"name":"蔬菜蛋品","type":1,"parentId":0,"orderNum":5,"createTime":1576820728000,"updateTime":1577521523000,"childCategory":[{"id":18,"name":"蔬菜综合","type":2,"parentId":10,"orderNum":1,"createTime":1576603020000,"updateTime":1581353307000,"childCategory":[]}]},{"id":27,"name":"美味菌菇","type":1,"parentId":0,"orderNum":7,"createTime":1576820728000,"updateTime":1581348036000,"childCategory":[{"id":15,"name":"火锅食材","type":2,"parentId":27,"orderNum":5,"createTime":1576603020000,"updateTime":1581352953000,"childCategory":[]}]}]}
[13:44:54:078] [INFO] - com.imooc.mall.filter.WebLogAspect.doBefore(WebLogAspect.java:36) - URL : http://127.0.0.1:8083/category/list
[13:44:54:078] [INFO] - com.imooc.mall.filter.WebLogAspect.doBefore(WebLogAspect.java:37) - HTTP_METHOD :POST
[13:44:54:078] [INFO] - com.imooc.mall.filter.WebLogAspect.doBefore(WebLogAspect.java:38) - IP : 127.0.0.1
[13:44:54:078] [INFO] - com.imooc.mall.filter.WebLogAspect.doBefore(WebLogAspect.java:39) - CLASS_METHOD : com.imooc.mall.controller.CategoryController.listCategoryForCustomer
[13:44:54:078] [INFO] - com.imooc.mall.filter.WebLogAspect.doBefore(WebLogAspect.java:41) - ARGS : []
[13:44:54:091] [INFO] - com.imooc.mall.filter.WebLogAspect.doAfterReturning(WebLogAspect.java:47) - RESPONSE : {"status":10000,"msg":"SUCCESS","data":[{"id":3,"name":"新鲜水果","type":1,"parentId":0,"orderNum":1,"createTime":1576603020000,"updateTime":1577524286000,"childCategory":[{"id":4,"name":"橘子橙子","type":2,"parentId":3,"orderNum":1,"createTime":1576603020000,"updateTime":1577521510000,"childCategory":[{"id":19,"name":"果冻橙","type":3,"parentId":4,"orderNum":1,"createTime":1576603020000,"updateTime":1581352622000,"childCategory":[]}]},{"id":11,"name":"草莓","type":2,"parentId":3,"orderNum":2,"createTime":1576603020000,"updateTime":1577519082000,"childCategory":[]},{"id":12,"name":"奇异果","type":2,"parentId":3,"orderNum":3,"createTime":1576603020000,"updateTime":1577521512000,"childCategory":[]},{"id":14,"name":"车厘子","type":2,"parentId":3,"orderNum":4,"createTime":1576603020000,"updateTime":1577521512000,"childCategory":[]},{"id":28,"name":"其他水果","type":2,"parentId":3,"orderNum":4,"createTime":1576603020000,"updateTime":1577521512000,"childCategory":[]}]},{"id":5,"name":"海鲜水产","type":1,"parentId":0,"orderNum":2,"createTime":1576603020000,"updateTime":1577521520000,"childCategory":[{"id":7,"name":"螃蟹","type":2,"parentId":5,"orderNum":1,"createTime":1576603020000,"updateTime":1577521515000,"childCategory":[]},{"id":8,"name":"鱼类","type":2,"parentId":5,"orderNum":2,"createTime":1576603020000,"updateTime":1577521516000,"childCategory":[]},{"id":13,"name":"海参","type":2,"parentId":5,"orderNum":3,"createTime":1576603020000,"updateTime":1577521517000,"childCategory":[]}]},{"id":6,"name":"精选肉类","type":1,"parentId":0,"orderNum":3,"createTime":1576603020000,"updateTime":1577521521000,"childCategory":[{"id":16,"name":"牛羊肉","type":2,"parentId":6,"orderNum":1,"createTime":1576603020000,"updateTime":1577521518000,"childCategory":[]},{"id":30,"name":"鸭货","type":3,"parentId":6,"orderNum":10,"createTime":1583246753000,"updateTime":1583246753000,"childCategory":[]}]},{"id":9,"name":"冷饮冻食","type":1,"parentId":0,"orderNum":4,"createTime":1576820728000,"updateTime":1577521522000,"childCategory":[{"id":17,"name":"冰淇淋","type":2,"parentId":9,"orderNum":1,"createTime":1576603020000,"updateTime":1577521518000,"childCategory":[]}]},{"id":10,"name":"蔬菜蛋品","type":1,"parentId":0,"orderNum":5,"createTime":1576820728000,"updateTime":1577521523000,"childCategory":[{"id":18,"name":"蔬菜综合","type":2,"parentId":10,"orderNum":1,"createTime":1576603020000,"updateTime":1581353307000,"childCategory":[]}]},{"id":27,"name":"美味菌菇","type":1,"parentId":0,"orderNum":7,"createTime":1576820728000,"updateTime":1581348036000,"childCategory":[{"id":15,"name":"火锅食材","type":2,"parentId":27,"orderNum":5,"createTime":1576603020000,"updateTime":1581352953000,"childCategory":[]}]}]}
[13:44:56:759] [INFO] - com.imooc.mall.filter.WebLogAspect.doBefore(WebLogAspect.java:36) - URL : http://127.0.0.1:8083/category/list
[13:44:56:759] [INFO] - com.imooc.mall.filter.WebLogAspect.doBefore(WebLogAspect.java:37) - HTTP_METHOD :POST
[13:44:56:759] [INFO] - com.imooc.mall.filter.WebLogAspect.doBefore(WebLogAspect.java:38) - IP : 127.0.0.1
[13:44:56:759] [INFO] - com.imooc.mall.filter.WebLogAspect.doBefore(WebLogAspect.java:39) - CLASS_METHOD : com.imooc.mall.controller.CategoryController.listCategoryForCustomer
[13:44:56:759] [INFO] - com.imooc.mall.filter.WebLogAspect.doBefore(WebLogAspect.java:41) - ARGS : []
[13:44:56:768] [INFO] - com.imooc.mall.filter.WebLogAspect.doAfterReturning(WebLogAspect.java:47) - RESPONSE : {"status":10000,"msg":"SUCCESS","data":[{"id":3,"name":"新鲜水果","type":1,"parentId":0,"orderNum":1,"createTime":1576603020000,"updateTime":1577524286000,"childCategory":[{"id":4,"name":"橘子橙子","type":2,"parentId":3,"orderNum":1,"createTime":1576603020000,"updateTime":1577521510000,"childCategory":[{"id":19,"name":"果冻橙","type":3,"parentId":4,"orderNum":1,"createTime":1576603020000,"updateTime":1581352622000,"childCategory":[]}]},{"id":11,"name":"草莓","type":2,"parentId":3,"orderNum":2,"createTime":1576603020000,"updateTime":1577519082000,"childCategory":[]},{"id":12,"name":"奇异果","type":2,"parentId":3,"orderNum":3,"createTime":1576603020000,"updateTime":1577521512000,"childCategory":[]},{"id":14,"name":"车厘子","type":2,"parentId":3,"orderNum":4,"createTime":1576603020000,"updateTime":1577521512000,"childCategory":[]},{"id":28,"name":"其他水果","type":2,"parentId":3,"orderNum":4,"createTime":1576603020000,"updateTime":1577521512000,"childCategory":[]}]},{"id":5,"name":"海鲜水产","type":1,"parentId":0,"orderNum":2,"createTime":1576603020000,"updateTime":1577521520000,"childCategory":[{"id":7,"name":"螃蟹","type":2,"parentId":5,"orderNum":1,"createTime":1576603020000,"updateTime":1577521515000,"childCategory":[]},{"id":8,"name":"鱼类","type":2,"parentId":5,"orderNum":2,"createTime":1576603020000,"updateTime":1577521516000,"childCategory":[]},{"id":13,"name":"海参","type":2,"parentId":5,"orderNum":3,"createTime":1576603020000,"updateTime":1577521517000,"childCategory":[]}]},{"id":6,"name":"精选肉类","type":1,"parentId":0,"orderNum":3,"createTime":1576603020000,"updateTime":1577521521000,"childCategory":[{"id":16,"name":"牛羊肉","type":2,"parentId":6,"orderNum":1,"createTime":1576603020000,"updateTime":1577521518000,"childCategory":[]},{"id":30,"name":"鸭货","type":3,"parentId":6,"orderNum":10,"createTime":1583246753000,"updateTime":1583246753000,"childCategory":[]}]},{"id":9,"name":"冷饮冻食","type":1,"parentId":0,"orderNum":4,"createTime":1576820728000,"updateTime":1577521522000,"childCategory":[{"id":17,"name":"冰淇淋","type":2,"parentId":9,"orderNum":1,"createTime":1576603020000,"updateTime":1577521518000,"childCategory":[]}]},{"id":10,"name":"蔬菜蛋品","type":1,"parentId":0,"orderNum":5,"createTime":1576820728000,"updateTime":1577521523000,"childCategory":[{"id":18,"name":"蔬菜综合","type":2,"parentId":10,"orderNum":1,"createTime":1576603020000,"updateTime":1581353307000,"childCategory":[]}]},{"id":27,"name":"美味菌菇","type":1,"parentId":0,"orderNum":7,"createTime":1576820728000,"updateTime":1581348036000,"childCategory":[{"id":15,"name":"火锅食材","type":2,"parentId":27,"orderNum":5,"createTime":1576603020000,"updateTime":1581352953000,"childCategory":[]}]}]}
[13:46:17:568] [INFO] - org.springframework.boot.StartupInfoLogger.logStarting(StartupInfoLogger.java:55) - Starting MallApplication on LAPTOP-PMOGTTL8 with PID 20512 (started by hao in D:\StudyNote\项目\imooc-mall)
[13:46:17:595] [INFO] - org.springframework.boot.SpringApplication.logStartupProfileInfo(SpringApplication.java:651) - No active profile set, falling back to default profiles: default
[13:46:18:310] [INFO] - org.springframework.data.repository.config.RepositoryConfigurationDelegate.multipleStoresDetected(RepositoryConfigurationDelegate.java:246) - Multiple Spring Data modules found, entering strict repository configuration mode!
[13:46:18:314] [INFO] - org.springframework.data.repository.config.RepositoryConfigurationDelegate.registerRepositoriesIn(RepositoryConfigurationDelegate.java:126) - Bootstrapping Spring Data repositories in DEFAULT mode.
[13:46:18:340] [INFO] - org.springframework.data.repository.config.RepositoryConfigurationDelegate.registerRepositoriesIn(RepositoryConfigurationDelegate.java:184) - Finished Spring Data repository scanning in 8ms. Found 0 repository interfaces.
[13:46:18:671] [INFO] - org.springframework.context.support.PostProcessorRegistrationDelegate$BeanPostProcessorChecker.postProcessAfterInitialization(PostProcessorRegistrationDelegate.java:330) - Bean 'org.springframework.transaction.annotation.ProxyTransactionManagementConfiguration' of type [org.springframework.transaction.annotation.ProxyTransactionManagementConfiguration] is not eligible for getting processed by all BeanPostProcessors (for example: not eligible for auto-proxying)
[13:46:19:060] [INFO] - org.springframework.boot.web.embedded.tomcat.TomcatWebServer.initialize(TomcatWebServer.java:92) - Tomcat initialized with port(s): 8083 (http)
[13:46:19:068] [INFO] - org.apache.juli.logging.DirectJDKLog.log(DirectJDKLog.java:173) - Initializing ProtocolHandler ["http-nio-8083"]
[13:46:19:068] [INFO] - org.apache.juli.logging.DirectJDKLog.log(DirectJDKLog.java:173) - Starting service [Tomcat]
[13:46:19:069] [INFO] - org.apache.juli.logging.DirectJDKLog.log(DirectJDKLog.java:173) - Starting Servlet engine: [Apache Tomcat/9.0.27]
[13:46:19:145] [INFO] - org.apache.juli.logging.DirectJDKLog.log(DirectJDKLog.java:173) - Initializing Spring embedded WebApplicationContext
[13:46:19:146] [INFO] - org.springframework.boot.web.servlet.context.ServletWebServerApplicationContext.prepareWebApplicationContext(ServletWebServerApplicationContext.java:284) - Root WebApplicationContext: initialization completed in 1513 ms
[13:46:20:064] [INFO] - springfox.documentation.spring.web.PropertySourcedRequestMappingHandlerMapping.initHandlerMethods(PropertySourcedRequestMappingHandlerMapping.java:69) - Mapped URL path [/v2/api-docs] onto method [springfox.documentation.swagger2.web.Swagger2Controller#getDocumentation(String, HttpServletRequest)]
[13:46:20:192] [INFO] - org.springframework.scheduling.concurrent.ExecutorConfigurationSupport.initialize(ExecutorConfigurationSupport.java:171) - Initializing ExecutorService 'applicationTaskExecutor'
[13:46:20:580] [INFO] - springfox.documentation.spring.web.plugins.DocumentationPluginsBootstrapper.start(DocumentationPluginsBootstrapper.java:160) - Context refreshed
[13:46:20:594] [INFO] - springfox.documentation.spring.web.plugins.DocumentationPluginsBootstrapper.start(DocumentationPluginsBootstrapper.java:163) - Found 1 custom documentation plugin(s)
[13:46:20:622] [INFO] - springfox.documentation.spring.web.scanners.ApiListingReferenceScanner.scan(ApiListingReferenceScanner.java:41) - Scanning for api listing references
[13:46:20:955] [INFO] - org.apache.juli.logging.DirectJDKLog.log(DirectJDKLog.java:173) - Starting ProtocolHandler ["http-nio-8083"]
[13:46:20:977] [INFO] - org.springframework.boot.web.embedded.tomcat.TomcatWebServer.start(TomcatWebServer.java:204) - Tomcat started on port(s): 8083 (http) with context path ''
[13:46:20:980] [INFO] - org.springframework.boot.StartupInfoLogger.logStarted(StartupInfoLogger.java:61) - Started MallApplication in 3.659 seconds (JVM running for 5.693)
[13:46:23:385] [INFO] - org.apache.juli.logging.DirectJDKLog.log(DirectJDKLog.java:173) - Initializing Spring DispatcherServlet 'dispatcherServlet'
[13:46:23:385] [INFO] - org.springframework.web.servlet.FrameworkServlet.initServletBean(FrameworkServlet.java:525) - Initializing Servlet 'dispatcherServlet'
[13:46:23:392] [INFO] - org.springframework.web.servlet.FrameworkServlet.initServletBean(FrameworkServlet.java:547) - Completed initialization in 7 ms
[13:46:23:413] [INFO] - com.imooc.mall.filter.WebLogAspect.doBefore(WebLogAspect.java:36) - URL : http://127.0.0.1:8083/category/list
[13:46:23:413] [INFO] - com.imooc.mall.filter.WebLogAspect.doBefore(WebLogAspect.java:37) - HTTP_METHOD :POST
[13:46:23:413] [INFO] - com.imooc.mall.filter.WebLogAspect.doBefore(WebLogAspect.java:38) - IP : 127.0.0.1
[13:46:23:414] [INFO] - com.imooc.mall.filter.WebLogAspect.doBefore(WebLogAspect.java:39) - CLASS_METHOD : com.imooc.mall.controller.CategoryController.listCategoryForCustomer
[13:46:23:414] [INFO] - com.imooc.mall.filter.WebLogAspect.doBefore(WebLogAspect.java:41) - ARGS : []
[13:46:23:497] [INFO] - io.lettuce.core.EpollProvider.<clinit>(EpollProvider.java:68) - Starting without optional epoll library
[13:46:23:499] [INFO] - io.lettuce.core.KqueueProvider.<clinit>(KqueueProvider.java:70) - Starting without optional kqueue library
[13:46:39:429] [INFO] - com.zaxxer.hikari.HikariDataSource.getConnection(HikariDataSource.java:110) - imooc_mall_datasource - Starting...
[13:46:39:787] [INFO] - com.zaxxer.hikari.HikariDataSource.getConnection(HikariDataSource.java:123) - imooc_mall_datasource - Start completed.
[13:47:26:633] [WARN] - com.zaxxer.hikari.pool.HikariPool$HouseKeeper.run(HikariPool.java:787) - imooc_mall_datasource - Thread starvation or clock leap detected (housekeeper delta=46s738ms12µs).
[13:47:26:669] [INFO] - com.imooc.mall.filter.WebLogAspect.doAfterReturning(WebLogAspect.java:47) - RESPONSE : {"status":10000,"msg":"SUCCESS","data":[{"id":3,"name":"新鲜水果","type":1,"parentId":0,"orderNum":1,"createTime":1576603020000,"updateTime":1577524286000,"childCategory":[{"id":4,"name":"橘子橙子","type":2,"parentId":3,"orderNum":1,"createTime":1576603020000,"updateTime":1577521510000,"childCategory":[{"id":19,"name":"果冻橙","type":3,"parentId":4,"orderNum":1,"createTime":1576603020000,"updateTime":1581352622000,"childCategory":[]}]},{"id":11,"name":"草莓","type":2,"parentId":3,"orderNum":2,"createTime":1576603020000,"updateTime":1577519082000,"childCategory":[]},{"id":12,"name":"奇异果","type":2,"parentId":3,"orderNum":3,"createTime":1576603020000,"updateTime":1577521512000,"childCategory":[]},{"id":14,"name":"车厘子","type":2,"parentId":3,"orderNum":4,"createTime":1576603020000,"updateTime":1577521512000,"childCategory":[]},{"id":28,"name":"其他水果","type":2,"parentId":3,"orderNum":4,"createTime":1576603020000,"updateTime":1577521512000,"childCategory":[]}]},{"id":5,"name":"海鲜水产","type":1,"parentId":0,"orderNum":2,"createTime":1576603020000,"updateTime":1577521520000,"childCategory":[{"id":7,"name":"螃蟹","type":2,"parentId":5,"orderNum":1,"createTime":1576603020000,"updateTime":1577521515000,"childCategory":[]},{"id":8,"name":"鱼类","type":2,"parentId":5,"orderNum":2,"createTime":1576603020000,"updateTime":1577521516000,"childCategory":[]},{"id":13,"name":"海参","type":2,"parentId":5,"orderNum":3,"createTime":1576603020000,"updateTime":1577521517000,"childCategory":[]}]},{"id":6,"name":"精选肉类","type":1,"parentId":0,"orderNum":3,"createTime":1576603020000,"updateTime":1577521521000,"childCategory":[{"id":16,"name":"牛羊肉","type":2,"parentId":6,"orderNum":1,"createTime":1576603020000,"updateTime":1577521518000,"childCategory":[]},{"id":30,"name":"鸭货","type":3,"parentId":6,"orderNum":10,"createTime":1583246753000,"updateTime":1583246753000,"childCategory":[]}]},{"id":9,"name":"冷饮冻食","type":1,"parentId":0,"orderNum":4,"createTime":1576820728000,"updateTime":1577521522000,"childCategory":[{"id":17,"name":"冰淇淋","type":2,"parentId":9,"orderNum":1,"createTime":1576603020000,"updateTime":1577521518000,"childCategory":[]}]},{"id":10,"name":"蔬菜蛋品","type":1,"parentId":0,"orderNum":5,"createTime":1576820728000,"updateTime":1577521523000,"childCategory":[{"id":18,"name":"蔬菜综合","type":2,"parentId":10,"orderNum":1,"createTime":1576603020000,"updateTime":1581353307000,"childCategory":[]}]},{"id":27,"name":"美味菌菇","type":1,"parentId":0,"orderNum":7,"createTime":1576820728000,"updateTime":1581348036000,"childCategory":[{"id":15,"name":"火锅食材","type":2,"parentId":27,"orderNum":5,"createTime":1576603020000,"updateTime":1581352953000,"childCategory":[]}]}]}
[13:47:40:860] [INFO] - com.imooc.mall.filter.WebLogAspect.doBefore(WebLogAspect.java:36) - URL : http://127.0.0.1:8083/category/list
[13:47:40:860] [INFO] - com.imooc.mall.filter.WebLogAspect.doBefore(WebLogAspect.java:37) - HTTP_METHOD :POST
[13:47:40:860] [INFO] - com.imooc.mall.filter.WebLogAspect.doBefore(WebLogAspect.java:38) - IP : 127.0.0.1
[13:47:40:860] [INFO] - com.imooc.mall.filter.WebLogAspect.doBefore(WebLogAspect.java:39) - CLASS_METHOD : com.imooc.mall.controller.CategoryController.listCategoryForCustomer
[13:47:40:861] [INFO] - com.imooc.mall.filter.WebLogAspect.doBefore(WebLogAspect.java:41) - ARGS : []
[13:47:40:875] [INFO] - com.imooc.mall.filter.WebLogAspect.doAfterReturning(WebLogAspect.java:47) - RESPONSE : {"status":10000,"msg":"SUCCESS","data":[{"id":3,"name":"新鲜水果","type":1,"parentId":0,"orderNum":1,"createTime":1576603020000,"updateTime":1577524286000,"childCategory":[{"id":4,"name":"橘子橙子","type":2,"parentId":3,"orderNum":1,"createTime":1576603020000,"updateTime":1577521510000,"childCategory":[{"id":19,"name":"果冻橙","type":3,"parentId":4,"orderNum":1,"createTime":1576603020000,"updateTime":1581352622000,"childCategory":[]}]},{"id":11,"name":"草莓","type":2,"parentId":3,"orderNum":2,"createTime":1576603020000,"updateTime":1577519082000,"childCategory":[]},{"id":12,"name":"奇异果","type":2,"parentId":3,"orderNum":3,"createTime":1576603020000,"updateTime":1577521512000,"childCategory":[]},{"id":14,"name":"车厘子","type":2,"parentId":3,"orderNum":4,"createTime":1576603020000,"updateTime":1577521512000,"childCategory":[]},{"id":28,"name":"其他水果","type":2,"parentId":3,"orderNum":4,"createTime":1576603020000,"updateTime":1577521512000,"childCategory":[]}]},{"id":5,"name":"海鲜水产","type":1,"parentId":0,"orderNum":2,"createTime":1576603020000,"updateTime":1577521520000,"childCategory":[{"id":7,"name":"螃蟹","type":2,"parentId":5,"orderNum":1,"createTime":1576603020000,"updateTime":1577521515000,"childCategory":[]},{"id":8,"name":"鱼类","type":2,"parentId":5,"orderNum":2,"createTime":1576603020000,"updateTime":1577521516000,"childCategory":[]},{"id":13,"name":"海参","type":2,"parentId":5,"orderNum":3,"createTime":1576603020000,"updateTime":1577521517000,"childCategory":[]}]},{"id":6,"name":"精选肉类","type":1,"parentId":0,"orderNum":3,"createTime":1576603020000,"updateTime":1577521521000,"childCategory":[{"id":16,"name":"牛羊肉","type":2,"parentId":6,"orderNum":1,"createTime":1576603020000,"updateTime":1577521518000,"childCategory":[]},{"id":30,"name":"鸭货","type":3,"parentId":6,"orderNum":10,"createTime":1583246753000,"updateTime":1583246753000,"childCategory":[]}]},{"id":9,"name":"冷饮冻食","type":1,"parentId":0,"orderNum":4,"createTime":1576820728000,"updateTime":1577521522000,"childCategory":[{"id":17,"name":"冰淇淋","type":2,"parentId":9,"orderNum":1,"createTime":1576603020000,"updateTime":1577521518000,"childCategory":[]}]},{"id":10,"name":"蔬菜蛋品","type":1,"parentId":0,"orderNum":5,"createTime":1576820728000,"updateTime":1577521523000,"childCategory":[{"id":18,"name":"蔬菜综合","type":2,"parentId":10,"orderNum":1,"createTime":1576603020000,"updateTime":1581353307000,"childCategory":[]}]},{"id":27,"name":"美味菌菇","type":1,"parentId":0,"orderNum":7,"createTime":1576820728000,"updateTime":1581348036000,"childCategory":[{"id":15,"name":"火锅食材","type":2,"parentId":27,"orderNum":5,"createTime":1576603020000,"updateTime":1581352953000,"childCategory":[]}]}]}
[13:48:51:885] [INFO] - com.imooc.mall.filter.WebLogAspect.doBefore(WebLogAspect.java:36) - URL : http://127.0.0.1:8083/category/list
[13:48:51:885] [INFO] - com.imooc.mall.filter.WebLogAspect.doBefore(WebLogAspect.java:37) - HTTP_METHOD :POST
[13:48:51:886] [INFO] - com.imooc.mall.filter.WebLogAspect.doBefore(WebLogAspect.java:38) - IP : 127.0.0.1
[13:48:51:886] [INFO] - com.imooc.mall.filter.WebLogAspect.doBefore(WebLogAspect.java:39) - CLASS_METHOD : com.imooc.mall.controller.CategoryController.listCategoryForCustomer
[13:48:51:886] [INFO] - com.imooc.mall.filter.WebLogAspect.doBefore(WebLogAspect.java:41) - ARGS : []
[13:48:54:481] [INFO] - com.imooc.mall.filter.WebLogAspect.doAfterReturning(WebLogAspect.java:47) - RESPONSE : {"status":10000,"msg":"SUCCESS","data":[{"id":3,"name":"新鲜水果","type":1,"parentId":0,"orderNum":1,"createTime":1576603020000,"updateTime":1577524286000,"childCategory":[{"id":4,"name":"橘子橙子","type":2,"parentId":3,"orderNum":1,"createTime":1576603020000,"updateTime":1577521510000,"childCategory":[{"id":19,"name":"果冻橙","type":3,"parentId":4,"orderNum":1,"createTime":1576603020000,"updateTime":1581352622000,"childCategory":[]}]},{"id":11,"name":"草莓","type":2,"parentId":3,"orderNum":2,"createTime":1576603020000,"updateTime":1577519082000,"childCategory":[]},{"id":12,"name":"奇异果","type":2,"parentId":3,"orderNum":3,"createTime":1576603020000,"updateTime":1577521512000,"childCategory":[]},{"id":14,"name":"车厘子","type":2,"parentId":3,"orderNum":4,"createTime":1576603020000,"updateTime":1577521512000,"childCategory":[]},{"id":28,"name":"其他水果","type":2,"parentId":3,"orderNum":4,"createTime":1576603020000,"updateTime":1577521512000,"childCategory":[]}]},{"id":5,"name":"海鲜水产","type":1,"parentId":0,"orderNum":2,"createTime":1576603020000,"updateTime":1577521520000,"childCategory":[{"id":7,"name":"螃蟹","type":2,"parentId":5,"orderNum":1,"createTime":1576603020000,"updateTime":1577521515000,"childCategory":[]},{"id":8,"name":"鱼类","type":2,"parentId":5,"orderNum":2,"createTime":1576603020000,"updateTime":1577521516000,"childCategory":[]},{"id":13,"name":"海参","type":2,"parentId":5,"orderNum":3,"createTime":1576603020000,"updateTime":1577521517000,"childCategory":[]}]},{"id":6,"name":"精选肉类","type":1,"parentId":0,"orderNum":3,"createTime":1576603020000,"updateTime":1577521521000,"childCategory":[{"id":16,"name":"牛羊肉","type":2,"parentId":6,"orderNum":1,"createTime":1576603020000,"updateTime":1577521518000,"childCategory":[]},{"id":30,"name":"鸭货","type":3,"parentId":6,"orderNum":10,"createTime":1583246753000,"updateTime":1583246753000,"childCategory":[]}]},{"id":9,"name":"冷饮冻食","type":1,"parentId":0,"orderNum":4,"createTime":1576820728000,"updateTime":1577521522000,"childCategory":[{"id":17,"name":"冰淇淋","type":2,"parentId":9,"orderNum":1,"createTime":1576603020000,"updateTime":1577521518000,"childCategory":[]}]},{"id":10,"name":"蔬菜蛋品","type":1,"parentId":0,"orderNum":5,"createTime":1576820728000,"updateTime":1577521523000,"childCategory":[{"id":18,"name":"蔬菜综合","type":2,"parentId":10,"orderNum":1,"createTime":1576603020000,"updateTime":1581353307000,"childCategory":[]}]},{"id":27,"name":"美味菌菇","type":1,"parentId":0,"orderNum":7,"createTime":1576820728000,"updateTime":1581348036000,"childCategory":[{"id":15,"name":"火锅食材","type":2,"parentId":27,"orderNum":5,"createTime":1576603020000,"updateTime":1581352953000,"childCategory":[]}]}]}
[13:49:37:432] [INFO] - org.springframework.scheduling.concurrent.ExecutorConfigurationSupport.shutdown(ExecutorConfigurationSupport.java:208) - Shutting down ExecutorService 'applicationTaskExecutor'
[13:49:37:566] [INFO] - com.zaxxer.hikari.HikariDataSource.close(HikariDataSource.java:350) - imooc_mall_datasource - Shutdown initiated...
[13:49:37:573] [INFO] - com.zaxxer.hikari.HikariDataSource.close(HikariDataSource.java:352) - imooc_mall_datasource - Shutdown completed.
